'C:\Users\unais\OneDrive\Desktop\Accounting' is not recognized as an internal or external command,
operable program or batch file.

  [32m[1mVITE[22m v8.0.10[39m  [2mready in [0m[1m2926[22m[2m[0m ms[22m

  [32m➜[39m  [1mLocal[22m:   [36mhttp://127.0.0.1:[1m5173[22m/[39m
[2m11:18:57 pm[22m [36m[1m[vite][22m[39m [90m[2m(client)[22m[39m [32mhmr update [39m[2m/src/index.css[22m
[2m11:20:02 pm[22m [36m[1m[vite][22m[39m [90m[2m(client)[22m[39m [32mhmr update [39m[2m/src/pages/Login.jsx, /src/index.css[22m
[2m11:20:02 pm[22m [36m[1m[vite][22m[39m [90m[2m(client)[22m[39m [32mhmr update [39m[2m/src/pages/Signup.jsx, /src/index.css[22m
[2m11:20:02 pm[22m [36m[1m[vite][22m[39m [90m[2m(client)[22m[39m [32mhmr update [39m[2m/src/App.jsx, /src/index.css[22m
[2m11:20:02 pm[22m [36m[1m[vite][22m[39m [90m[2m(client)[22m[39m [32mhmr update [39m[2m/src/pages/Login.jsx, /src/index.css[22m
[2m11:21:41 pm[22m [36m[1m[vite][22m[39m [90m[2m(client)[22m[39m [32mhmr update [39m[2m/src/components/Dashboard.jsx, /src/index.css[22m
[2m11:21:42 pm[22m [36m[1m[vite][22m[39m [90m[2m(client)[22m[39m [32mhmr update [39m[2m/src/components/Charts.jsx, /src/index.css[22m
[2m11:21:42 pm[22m [36m[1m[vite][22m[39m [90m[2m(client)[22m[39m [32mhmr update [39m[2m/src/components/Dashboard.jsx, /src/index.css[22m
[2m11:21:42 pm[22m [36m[1m[vite][22m[39m [90m[2m(client)[22m[39m [32mhmr update [39m[2m/src/index.css, /src/components/CategoryForm.jsx[22m
[2m11:21:42 pm[22m [36m[1m[vite][22m[39m [90m[2m(client)[22m[39m [32mhmr update [39m[2m/src/components/TransactionForm.jsx, /src/index.css[22m
[2m11:21:42 pm[22m [36m[1m[vite][22m[39m [90m[2m(client)[22m[39m [32mhmr update [39m[2m/src/components/TransactionList.jsx, /src/index.css[22m

  [32m[1mVITE[22m v8.0.10[39m  [2mready in [0m[1m7377[22m[2m[0m ms[22m

  [32m➜[39m  [1mLocal[22m:   [36mhttp://127.0.0.1:[1m5173[22m/[39m

  [32m[1mVITE[22m v8.0.10[39m  [2mready in [0m[1m7688[22m[2m[0m ms[22m

  [32m➜[39m  [1mLocal[22m:   [36mhttp://127.0.0.1:[1m5173[22m/[39m
[2m11:24:56 pm[22m [36m[1m[vite][22m[39m [90m[2m(client)[22m[39m [32mhmr update [39m[2m/src/pages/Login.jsx, /src/index.css[22m
[2m11:24:56 pm[22m [36m[1m[vite][22m[39m [90m[2m(client)[22m[39m [32mhmr update [39m[2m/src/pages/Signup.jsx, /src/index.css[22m
[2m11:25:04 pm[22m [36m[1m[vite][22m[39m [90m[2m(client)[22m[39m [32mhmr update [39m[2m/src/pages/Login.jsx, /src/index.css[22m
[2m11:25:05 pm[22m [36m[1m[vite][22m[39m [90m[2m(client)[22m[39m [32mhmr update [39m[2m/src/pages/Signup.jsx, /src/index.css[22m
[2m11:30:45 pm[22m [36m[1m[vite][22m[39m [90m[2m(client)[22m[39m [32mhmr update [39m[2m/src/pages/Login.jsx, /src/index.css[22m
[2m11:31:19 pm[22m [36m[1m[vite][22m[39m [90m[2m(client)[22m[39m [32mhmr update [39m[2m/src/pages/Login.jsx, /src/index.css[22m
[2m11:37:23 pm[22m [36m[1m[vite][22m[39m [90m[2m(client)[22m[39m [32mhmr update [39m[2m/src/components/TransactionList.jsx, /src/index.css[22m
[2m11:43:37 pm[22m [36m[1m[vite][22m[39m [90m[2m(client)[22m[39m [32mhmr update [39m[2m/src/App.jsx, /src/index.css[22m
[2m11:43:37 pm[22m [36m[1m[vite][22m[39m [90m[2m(client)[22m[39m [32mhmr update [39m[2m/src/App.jsx, /src/index.css[22m
[2m11:43:37 pm[22m [36m[1m[vite][22m[39m [90m[2m(client)[22m[39m [32mhmr update [39m[2m/src/components/Dashboard.jsx, /src/index.css[22m
[2m11:43:37 pm[22m [36m[1m[vite][22m[39m [90m[2m(client)[22m[39m [32mhmr update [39m[2m/src/components/Charts.jsx, /src/index.css[22m
[2m11:43:37 pm[22m [36m[1m[vite][22m[39m [90m[2m(client)[22m[39m [32mhmr update [39m[2m/src/components/TransactionForm.jsx, /src/index.css[22m
[2m11:43:38 pm[22m [36m[1m[vite][22m[39m [90m[2m(client)[22m[39m [32mhmr update [39m[2m/src/components/TransactionList.jsx, /src/index.css[22m
[2m11:53:04 pm[22m [36m[1m[vite][22m[39m [90m[2m(client)[22m[39m [32mhmr update [39m[2m/src/pages/Login.jsx, /src/index.css[22m
[2m11:53:04 pm[22m [36m[1m[vite][22m[39m [90m[2m(client)[22m[39m [32mhmr update [39m[2m/src/pages/Login.jsx, /src/index.css[22m
[2m11:53:04 pm[22m [36m[1m[vite][22m[39m [90m[2m(client)[22m[39m [32mhmr update [39m[2m/src/pages/Signup.jsx, /src/index.css[22m
[2m11:53:05 pm[22m [36m[1m[vite][22m[39m [90m[2m(client)[22m[39m [32mhmr update [39m[2m/src/index.css, /src/components/CategoryForm.jsx[22m
[2m11:53:05 pm[22m [36m[1m[vite][22m[39m [90m[2m(client)[22m[39m [32mhmr update [39m[2m/src/components/TransactionForm.jsx, /src/index.css[22m
[2m11:53:05 pm[22m [36m[1m[vite][22m[39m [90m[2m(client)[22m[39m [32mhmr update [39m[2m/src/components/TransactionList.jsx, /src/index.css[22m
[2m11:53:07 pm[22m [36m[1m[vite][22m[39m [90m[2m(client)[22m[39m [optimizer] bundling dependencies...
[2m11:53:08 pm[22m [36m[1m[vite][22m[39m [90m[2m(client)[22m[39m [32m✨ new dependencies optimized: [33msweetalert2[32m[39m
[2m11:53:08 pm[22m [36m[1m[vite][22m[39m [90m[2m(client)[22m[39m [32m✨ optimized dependencies changed. reloading[39m
[2m11:57:49 pm[22m [36m[1m[vite][22m[39m [90m[2m(client)[22m[39m [32mhmr update [39m[2m/src/components/TransactionList.jsx, /src/index.css[22m
[2m11:59:45 pm[22m [36m[1m[vite][22m[39m [90m[2m(client)[22m[39m [32mhmr update [39m[2m/src/index.css, /src/pages/Login.jsx, /src/pages/Signup.jsx, /src/components/CategoryForm.jsx, /src/components/TransactionForm.jsx, /src/components/TransactionList.jsx[22m
[2m11:59:45 pm[22m [36m[1m[vite][22m[39m [90m[2m(client)[22m[39m [32mhmr update [39m[2m/src/components/TransactionList.jsx, /src/index.css[22m
[2m12:35:22 am[22m [36m[1m[vite][22m[39m [90m[2m(client)[22m[39m [32mhmr update [39m[2m/src/index.css, /src/pages/Signup.jsx, /src/components/Dashboard.jsx, /src/components/Charts.jsx, /src/components/TransactionList.jsx, /src/components/TransactionForm.jsx, /src/pages/Login.jsx, /src/components/CategoryForm.jsx[22m
[2m12:35:24 am[22m [36m[1m[vite][22m[39m [90m[2m(client)[22m[39m [32mhmr update [39m[2m/src/index.css, /src/pages/Signup.jsx, /src/components/Dashboard.jsx, /src/components/Charts.jsx, /src/components/TransactionList.jsx, /src/components/TransactionForm.jsx, /src/pages/Login.jsx, /src/components/CategoryForm.jsx[22m
[2m12:35:25 am[22m [36m[1m[vite][22m[39m [90m[2m(client)[22m[39m [32mhmr update [39m[2m/src/index.css, /src/pages/Signup.jsx, /src/components/Dashboard.jsx, /src/components/Charts.jsx, /src/components/TransactionList.jsx, /src/components/TransactionForm.jsx, /src/pages/Login.jsx, /src/components/CategoryForm.jsx[22m
[2m11:16:21 am[22m [36m[1m[vite][22m[39m [90m[2m(client)[22m[39m [32mhmr update [39m[2m/src/index.css, /src/pages/Signup.jsx, /src/components/Dashboard.jsx, /src/components/Charts.jsx, /src/components/TransactionList.jsx, /src/components/TransactionForm.jsx, /src/pages/Login.jsx, /src/components/CategoryForm.jsx[22m
